#
# A fatal error has been detected by the Java Runtime Environment:
#
#  Internal Error (0xc000000d), pid=5684, tid=0x000000000000110c
#
# JRE version: Java(TM) SE Runtime Environment (8.0_101-b13) (build 1.8.0_101-b13)
# Java VM: Java HotSpot(TM) 64-Bit Server VM (25.101-b13 mixed mode windows-amd64 compressed oops)
# Problematic frame:
# C  [ntdll.dll+0xfe5bc]
#
# Failed to write core dump. Minidumps are not enabled by default on client versions of Windows
#
# If you would like to submit a bug report, please visit:
#   http://bugreport.java.com/bugreport/crash.jsp
#

---------------  T H R E A D  ---------------

Current thread (0x00000000174b7800):  VMThread [stack: 0x0000000018550000,0x0000000018650000] [id=4364]

siginfo: ExceptionCode=0xc000000d

Registers:
RAX=0x0000000000000001, RBX=0x0000000000a0b340, RCX=0x00000000174b8840, RDX=0x0000000000000000
RSP=0x000000001864f020, RBP=0x0000000000000000, RSI=0x000000001af7c9d0, RDI=0x000000001af7ca80
R8 =0x0000000000000000, R9 =0x0000000000000000, R10=0x0000000000000000, R11=0x000000000000000d
R12=0x0000000000000000, R13=0x00000000ffffffff, R14=0x000000001af750d0, R15=0x000000001af7c9d0
RIP=0x00007ffa3b82e5bc, EFLAGS=0x0000000000000206

Top of Stack: (sp=0x000000001864f020)
0x000000001864f020:   0000000000000057 0000000000a0b340
0x000000001864f030:   000000001af7c9d0 000000001af7ca80
0x000000001864f040:   00000000c000000d 0000000000000000
0x000000001864f050:   00007ffa3b82e5bc 0000000000000000
0x000000001864f060:   0000000000000000 0000000000000000
0x000000001864f070:   0000000000000000 0000000000000000
0x000000001864f080:   0000000000000000 0000000000000000
0x000000001864f090:   0000000000000000 0000000000000000
0x000000001864f0a0:   0000000000000000 0000000000000000
0x000000001864f0b0:   0000000000000000 0000000000000000
0x000000001864f0c0:   0000000000000000 0000000000000000
0x000000001864f0d0:   0000000000000000 00007ffa3b76c468
0x000000001864f0e0:   000001166bb36a70 0000000000000000
0x000000001864f0f0:   0000000000000e8c 00007ffa3b7f09fb
0x000000001864f100:   000000001864f161 00007ffa0fb2e8db
0x000000001864f110:   0000000000000000 000000001864f2d0 

Instructions: (pc=0x00007ffa3b82e5bc)
0x00007ffa3b82e59c:   d1 fa ff c7 44 24 20 0d 00 00 c0 b9 57 00 00 00
0x00007ffa3b82e5ac:   e8 cf 0f f6 ff 90 48 8d 4c 24 20 e8 54 bb f4 ff
0x00007ffa3b82e5bc:   eb 00 48 8b 8c 24 c0 00 00 00 48 33 cc e8 82 70
0x00007ffa3b82e5cc:   f9 ff 48 81 c4 d8 00 00 00 c3 40 55 48 83 ec 20 


Register to memory mapping:

RAX=0x0000000000000001 is an unknown value
RBX=0x0000000000a0b340 is an unknown value
RCX=0x00000000174b8840 is an unknown value
RDX=0x0000000000000000 is an unknown value
RSP=0x000000001864f020 is an unknown value
RBP=0x0000000000000000 is an unknown value
RSI=0x000000001af7c9d0 is an unknown value
RDI=0x000000001af7ca80 is an unknown value
R8 =0x0000000000000000 is an unknown value
R9 =0x0000000000000000 is an unknown value
R10=0x0000000000000000 is an unknown value
R11=0x000000000000000d is an unknown value
R12=0x0000000000000000 is an unknown value
R13=0x00000000ffffffff is an unallocated location in the heap
R14=0x000000001af750d0 is an unknown value
R15=0x000000001af7c9d0 is an unknown value


Stack: [0x0000000018550000,0x0000000018650000],  sp=0x000000001864f020,  free space=1020k
Native frames: (J=compiled Java code, j=interpreted, Vv=VM code, C=native code)

VM_Operation (0x000000001ab1cf90): Exit, mode: safepoint, requested by thread 0x0000000019226800


---------------  P R O C E S S  ---------------

Java Threads: ( => current thread )
  0x0000000019226800 JavaThread "AWT-EventQueue-0" [_thread_blocked, id=8668, stack(0x000000001aa20000,0x000000001ab20000)]
  0x0000000019205800 JavaThread "AWT-Shutdown" [_thread_blocked, id=9052, stack(0x000000001a410000,0x000000001a510000)]
  0x0000000019205000 JavaThread "Java2D Disposer" daemon [_thread_blocked, id=4996, stack(0x000000001a310000,0x000000001a410000)]
  0x0000000018e63000 JavaThread "Service Thread" daemon [_thread_blocked, id=12796, stack(0x0000000019240000,0x0000000019340000)]
  0x0000000017546000 JavaThread "C1 CompilerThread2" daemon [_thread_blocked, id=13092, stack(0x0000000018d40000,0x0000000018e40000)]
  0x00000000174f1800 JavaThread "C2 CompilerThread1" daemon [_thread_blocked, id=16244, stack(0x0000000018c40000,0x0000000018d40000)]
  0x00000000174ee000 JavaThread "C2 CompilerThread0" daemon [_thread_blocked, id=15984, stack(0x0000000018b40000,0x0000000018c40000)]
  0x00000000174ea800 JavaThread "Attach Listener" daemon [_thread_blocked, id=9948, stack(0x0000000018a40000,0x0000000018b40000)]
  0x00000000174e9800 JavaThread "Signal Dispatcher" daemon [_thread_blocked, id=15284, stack(0x0000000018940000,0x0000000018a40000)]
  0x00000000174da000 JavaThread "Finalizer" daemon [_thread_blocked, id=4496, stack(0x0000000018750000,0x0000000018850000)]
  0x00000000174b9000 JavaThread "Reference Handler" daemon [_thread_blocked, id=10872, stack(0x0000000018650000,0x0000000018750000)]
  0x0000000002930800 JavaThread "main" [_thread_blocked, id=11352, stack(0x0000000002790000,0x0000000002890000)]

Other Threads:
=>0x00000000174b7800 VMThread [stack: 0x0000000018550000,0x0000000018650000] [id=4364]

VM state:at safepoint (shutting down)

VM Mutex/Monitor currently owned by a thread:  ([mutex/lock_event])
[0x0000000002aec250] Threads_lock - owner thread: 0x00000000174b7800

Heap:
 PSYoungGen      total 28160K, used 22321K [0x00000000d6980000, 0x00000000d8900000, 0x0000000100000000)
  eden space 24064K, 84% used [0x00000000d6980000,0x00000000d7d64680,0x00000000d8100000)
  from space 4096K, 47% used [0x00000000d8100000,0x00000000d82e7ea0,0x00000000d8500000)
  to   space 4096K, 0% used [0x00000000d8500000,0x00000000d8500000,0x00000000d8900000)
 ParOldGen       total 86016K, used 8239K [0x0000000083c00000, 0x0000000089000000, 0x00000000d6980000)
  object space 86016K, 9% used [0x0000000083c00000,0x000000008440bcb0,0x0000000089000000)
 Metaspace       used 10829K, capacity 11008K, committed 11264K, reserved 1058816K
  class space    used 1183K, capacity 1259K, committed 1280K, reserved 1048576K

Card table byte_map: [0x0000000011eb0000,0x00000000122a0000] byte_map_base: 0x0000000011a92000

Marking Bits: (ParMarkBitMap*) 0x0000000057caa6d0
 Begin Bits: [0x0000000012940000, 0x0000000014850000)
 End Bits:   [0x0000000014850000, 0x0000000016760000)

Polling page: 0x0000000000fc0000

CodeCache: size=245760Kb used=4692Kb max_used=4696Kb free=241067Kb
 bounds [0x0000000002af0000, 0x0000000002f90000, 0x0000000011af0000]
 total_blobs=2024 nmethods=1373 adapters=564
 compilation: enabled

Compilation events (10 events):
Event: 55.662 Thread 0x00000000174ee000 1426       4       javax.imageio.spi.PartialOrderIterator::hasNext (16 bytes)
Event: 55.662 Thread 0x00000000174ee000 nmethod 1426 0x0000000002f71990 code [0x0000000002f71ac0, 0x0000000002f71b38]
Event: 55.662 Thread 0x00000000174f1800 1427       4       sun.awt.image.ByteComponentRaster::verify (566 bytes)
Event: 55.668 Thread 0x00000000174f1800 nmethod 1427 0x0000000002f86290 code [0x0000000002f86400, 0x0000000002f86918]
Event: 57.314 Thread 0x0000000017546000 1428       3       java.awt.Container::findComponentAtImpl (161 bytes)
Event: 57.315 Thread 0x0000000017546000 nmethod 1428 0x0000000002f88b90 code [0x0000000002f88da0, 0x0000000002f89aa8]
Event: 57.384 Thread 0x0000000017546000 1429       3       java.awt.Component::getCursor_NoClientCode (30 bytes)
Event: 57.384 Thread 0x0000000017546000 nmethod 1429 0x0000000002f85b10 code [0x0000000002f85ca0, 0x0000000002f86108]
Event: 57.504 Thread 0x0000000017546000 1430       3       java.awt.Container::getChildAt (54 bytes)
Event: 57.504 Thread 0x0000000017546000 nmethod 1430 0x0000000002f88290 code [0x0000000002f88420, 0x0000000002f88a18]

GC Heap History (10 events):
Event: 54.684 GC heap before
{Heap before GC invocations=59 (full 0):
 PSYoungGen      total 28160K, used 25924K [0x00000000d6980000, 0x00000000d8900000, 0x0000000100000000)
  eden space 24064K, 100% used [0x00000000d6980000,0x00000000d8100000,0x00000000d8100000)
  from space 4096K, 45% used [0x00000000d8500000,0x00000000d86d1010,0x00000000d8900000)
  to   space 4096K, 0% used [0x00000000d8100000,0x00000000d8100000,0x00000000d8500000)
 ParOldGen       total 86016K, used 8119K [0x0000000083c00000, 0x0000000089000000, 0x00000000d6980000)
  object space 86016K, 9% used [0x0000000083c00000,0x00000000843edcb0,0x0000000089000000)
 Metaspace       used 10801K, capacity 11004K, committed 11264K, reserved 1058816K
  class space    used 1181K, capacity 1259K, committed 1280K, reserved 1048576K
Event: 54.687 GC heap after
Heap after GC invocations=59 (full 0):
 PSYoungGen      total 28160K, used 3910K [0x00000000d6980000, 0x00000000d8900000, 0x0000000100000000)
  eden space 24064K, 0% used [0x00000000d6980000,0x00000000d6980000,0x00000000d8100000)
  from space 4096K, 95% used [0x00000000d8100000,0x00000000d84d1bf0,0x00000000d8500000)
  to   space 4096K, 0% used [0x00000000d8500000,0x00000000d8500000,0x00000000d8900000)
 ParOldGen       total 86016K, used 8143K [0x0000000083c00000, 0x0000000089000000, 0x00000000d6980000)
  object space 86016K, 9% used [0x0000000083c00000,0x00000000843f3cb0,0x0000000089000000)
 Metaspace       used 10801K, capacity 11004K, committed 11264K, reserved 1058816K
  class space    used 1181K, capacity 1259K, committed 1280K, reserved 1048576K
}
Event: 55.528 GC heap before
{Heap before GC invocations=60 (full 0):
 PSYoungGen      total 28160K, used 27440K [0x00000000d6980000, 0x00000000d8900000, 0x0000000100000000)
  eden space 24064K, 97% used [0x00000000d6980000,0x00000000d807a710,0x00000000d8100000)
  from space 4096K, 95% used [0x00000000d8100000,0x00000000d84d1bf0,0x00000000d8500000)
  to   space 4096K, 0% used [0x00000000d8500000,0x00000000d8500000,0x00000000d8900000)
 ParOldGen       total 86016K, used 8143K [0x0000000083c00000, 0x0000000089000000, 0x00000000d6980000)
  object space 86016K, 9% used [0x0000000083c00000,0x00000000843f3cb0,0x0000000089000000)
 Metaspace       used 10816K, capacity 11008K, committed 11264K, reserved 1058816K
  class space    used 1181K, capacity 1259K, committed 1280K, reserved 1048576K
Event: 55.531 GC heap after
Heap after GC invocations=60 (full 0):
 PSYoungGen      total 28160K, used 2143K [0x00000000d6980000, 0x00000000d8900000, 0x0000000100000000)
  eden space 24064K, 0% used [0x00000000d6980000,0x00000000d6980000,0x00000000d8100000)
  from space 4096K, 52% used [0x00000000d8500000,0x00000000d8717e50,0x00000000d8900000)
  to   space 4096K, 0% used [0x00000000d8100000,0x00000000d8100000,0x00000000d8500000)
 ParOldGen       total 86016K, used 8159K [0x0000000083c00000, 0x0000000089000000, 0x00000000d6980000)
  object space 86016K, 9% used [0x0000000083c00000,0x00000000843f7cb0,0x0000000089000000)
 Metaspace       used 10816K, capacity 11008K, committed 11264K, reserved 1058816K
  class space    used 1181K, capacity 1259K, committed 1280K, reserved 1048576K
}
Event: 56.301 GC heap before
{Heap before GC invocations=61 (full 0):
 PSYoungGen      total 28160K, used 26207K [0x00000000d6980000, 0x00000000d8900000, 0x0000000100000000)
  eden space 24064K, 100% used [0x00000000d6980000,0x00000000d8100000,0x00000000d8100000)
  from space 4096K, 52% used [0x00000000d8500000,0x00000000d8717e50,0x00000000d8900000)
  to   space 4096K, 0% used [0x00000000d8100000,0x00000000d8100000,0x00000000d8500000)
 ParOldGen       total 86016K, used 8159K [0x0000000083c00000, 0x0000000089000000, 0x00000000d6980000)
  object space 86016K, 9% used [0x0000000083c00000,0x00000000843f7cb0,0x0000000089000000)
 Metaspace       used 10818K, capacity 11008K, committed 11264K, reserved 1058816K
  class space    used 1181K, capacity 1259K, committed 1280K, reserved 1048576K
Event: 56.304 GC heap after
Heap after GC invocations=61 (full 0):
 PSYoungGen      total 28160K, used 1956K [0x00000000d6980000, 0x00000000d8900000, 0x0000000100000000)
  eden space 24064K, 0% used [0x00000000d6980000,0x00000000d6980000,0x00000000d8100000)
  from space 4096K, 47% used [0x00000000d8100000,0x00000000d82e9010,0x00000000d8500000)
  to   space 4096K, 0% used [0x00000000d8500000,0x00000000d8500000,0x00000000d8900000)
 ParOldGen       total 86016K, used 8183K [0x0000000083c00000, 0x0000000089000000, 0x00000000d6980000)
  object space 86016K, 9% used [0x0000000083c00000,0x00000000843fdcb0,0x0000000089000000)
 Metaspace       used 10818K, capacity 11008K, committed 11264K, reserved 1058816K
  class space    used 1181K, capacity 1259K, committed 1280K, reserved 1048576K
}
Event: 57.147 GC heap before
{Heap before GC invocations=62 (full 0):
 PSYoungGen      total 28160K, used 26020K [0x00000000d6980000, 0x00000000d8900000, 0x0000000100000000)
  eden space 24064K, 100% used [0x00000000d6980000,0x00000000d8100000,0x00000000d8100000)
  from space 4096K, 47% used [0x00000000d8100000,0x00000000d82e9010,0x00000000d8500000)
  to   space 4096K, 0% used [0x00000000d8500000,0x00000000d8500000,0x00000000d8900000)
 ParOldGen       total 86016K, used 8183K [0x0000000083c00000, 0x0000000089000000, 0x00000000d6980000)
  object space 86016K, 9% used [0x0000000083c00000,0x00000000843fdcb0,0x0000000089000000)
 Metaspace       used 10818K, capacity 11008K, committed 11264K, reserved 1058816K
  class space    used 1181K, capacity 1259K, committed 1280K, reserved 1048576K
Event: 57.150 GC heap after
Heap after GC invocations=62 (full 0):
 PSYoungGen      total 28160K, used 1860K [0x00000000d6980000, 0x00000000d8900000, 0x0000000100000000)
  eden space 24064K, 0% used [0x00000000d6980000,0x00000000d6980000,0x00000000d8100000)
  from space 4096K, 45% used [0x00000000d8500000,0x00000000d86d1010,0x00000000d8900000)
  to   space 4096K, 0% used [0x00000000d8100000,0x00000000d8100000,0x00000000d8500000)
 ParOldGen       total 86016K, used 8215K [0x0000000083c00000, 0x0000000089000000, 0x00000000d6980000)
  object space 86016K, 9% used [0x0000000083c00000,0x0000000084405cb0,0x0000000089000000)
 Metaspace       used 10818K, capacity 11008K, committed 11264K, reserved 1058816K
  class space    used 1181K, capacity 1259K, committed 1280K, reserved 1048576K
}
Event: 58.065 GC heap before
{Heap before GC invocations=63 (full 0):
 PSYoungGen      total 28160K, used 25924K [0x00000000d6980000, 0x00000000d8900000, 0x0000000100000000)
  eden space 24064K, 100% used [0x00000000d6980000,0x00000000d8100000,0x00000000d8100000)
  from space 4096K, 45% used [0x00000000d8500000,0x00000000d86d1010,0x00000000d8900000)
  to   space 4096K, 0% used [0x00000000d8100000,0x00000000d8100000,0x00000000d8500000)
 ParOldGen       total 86016K, used 8215K [0x0000000083c00000, 0x0000000089000000, 0x00000000d6980000)
  object space 86016K, 9% used [0x0000000083c00000,0x0000000084405cb0,0x0000000089000000)
 Metaspace       used 10821K, capacity 11008K, committed 11264K, reserved 1058816K
  class space    used 1181K, capacity 1259K, committed 1280K, reserved 1048576K
Event: 58.068 GC heap after
Heap after GC invocations=63 (full 0):
 PSYoungGen      total 28160K, used 1951K [0x00000000d6980000, 0x00000000d8900000, 0x0000000100000000)
  eden space 24064K, 0% used [0x00000000d6980000,0x00000000d6980000,0x00000000d8100000)
  from space 4096K, 47% used [0x00000000d8100000,0x00000000d82e7ea0,0x00000000d8500000)
  to   space 4096K, 0% used [0x00000000d8500000,0x00000000d8500000,0x00000000d8900000)
 ParOldGen       total 86016K, used 8239K [0x0000000083c00000, 0x0000000089000000, 0x00000000d6980000)
  object space 86016K, 9% used [0x0000000083c00000,0x000000008440bcb0,0x0000000089000000)
 Metaspace       used 10821K, capacity 11008K, committed 11264K, reserved 1058816K
  class space    used 1181K, capacity 1259K, committed 1280K, reserved 1048576K
}

Deoptimization events (7 events):
Event: 2.359 Thread 0x00000000174b9000 Uncommon trap: reason=unstable_if action=reinterpret pc=0x0000000002d2d11c method=java.lang.ref.ReferenceQueue.enqueue(Ljava/lang/ref/Reference;)Z @ 61
Event: 2.367 Thread 0x00000000174da000 Uncommon trap: reason=unstable_if action=reinterpret pc=0x0000000002d2a884 method=java.lang.ref.ReferenceQueue.remove(J)Ljava/lang/ref/Reference; @ 31
Event: 3.400 Thread 0x00000000174b9000 Uncommon trap: reason=unstable_if action=reinterpret pc=0x0000000002d2b18c method=java.lang.ref.ReferenceQueue.enqueue(Ljava/lang/ref/Reference;)Z @ 61
Event: 19.876 Thread 0x00000000174da000 Uncommon trap: reason=unstable_if action=reinterpret pc=0x0000000002da0c44 method=java.lang.ref.Finalizer.remove()V @ 10
Event: 19.876 Thread 0x00000000174da000 Uncommon trap: reason=unstable_if action=reinterpret pc=0x0000000002d2ebfc method=java.lang.ref.Finalizer.remove()V @ 10
Event: 19.877 Thread 0x00000000174da000 Uncommon trap: reason=unstable_if action=reinterpret pc=0x0000000002d2e1e4 method=java.lang.ref.Finalizer.remove()V @ 10
Event: 19.877 Thread 0x00000000174da000 Uncommon trap: reason=unstable_if action=reinterpret pc=0x0000000002d2a2e8 method=java.lang.ref.Finalizer.remove()V @ 10

Internal exceptions (10 events):
Event: 0.050 Thread 0x0000000002930800 Exception <a 'java/lang/NoSuchMethodError': Method sun.misc.Unsafe.prefetchRead(Ljava/lang/Object;J)V name or signature does not match> (0x00000000d6987fa8) thrown at [C:\re\workspace\8-2-build-windows-amd64-cygwin\jdk8u101\7261\hotspot\src\share\vm\prims\ùƒBàLÉ?
Event: 0.198 Thread 0x0000000002930800 Exception <a 'java/security/PrivilegedActionException'> (0x00000000d6af4a98) thrown at [C:\re\workspace\8-2-build-windows-amd64-cygwin\jdk8u101\7261\hotspot\src\share\vm\prims\jvm.cpp, line 1386]
Event: 0.198 Thread 0x0000000002930800 Exception <a 'java/security/PrivilegedActionException'> (0x00000000d6af4ca8) thrown at [C:\re\workspace\8-2-build-windows-amd64-cygwin\jdk8u101\7261\hotspot\src\share\vm\prims\jvm.cpp, line 1386]
Event: 0.199 Thread 0x0000000002930800 Exception <a 'java/security/PrivilegedActionException'> (0x00000000d6af8b90) thrown at [C:\re\workspace\8-2-build-windows-amd64-cygwin\jdk8u101\7261\hotspot\src\share\vm\prims\jvm.cpp, line 1386]
Event: 0.199 Thread 0x0000000002930800 Exception <a 'java/security/PrivilegedActionException'> (0x00000000d6af8da0) thrown at [C:\re\workspace\8-2-build-windows-amd64-cygwin\jdk8u101\7261\hotspot\src\share\vm\prims\jvm.cpp, line 1386]
Event: 0.203 Thread 0x0000000002930800 Exception <a 'java/io/FileNotFoundException'> (0x00000000d6afdfe8) thrown at [C:\re\workspace\8-2-build-windows-amd64-cygwin\jdk8u101\7261\hotspot\src\share\vm\prims\jni.cpp, line 709]
Event: 0.260 Thread 0x0000000002930800 Exception <a 'java/lang/NoSuchFieldError': method resolution failed> (0x00000000d6bcba60) thrown at [C:\re\workspace\8-2-build-windows-amd64-cygwin\jdk8u101\7261\hotspot\src\share\vm\prims\methodHandles.cpp, line 1146]
Event: 0.263 Thread 0x0000000002930800 Exception <a 'java/lang/NoSuchFieldError': method resolution failed> (0x00000000d6bd8e30) thrown at [C:\re\workspace\8-2-build-windows-amd64-cygwin\jdk8u101\7261\hotspot\src\share\vm\prims\methodHandles.cpp, line 1146]
Event: 0.306 Thread 0x0000000002930800 Exception <a 'java/io/FileNotFoundException'> (0x00000000d6c6ca50) thrown at [C:\re\workspace\8-2-build-windows-amd64-cygwin\jdk8u101\7261\hotspot\src\share\vm\prims\jni.cpp, line 709]
Event: 2.367 Thread 0x00000000174da000 Implicit null exception at 0x0000000002d2a621 to 0x0000000002d2a875

Events (10 events):
Event: 58.613 Thread 0x0000000019063000 Thread added: 0x0000000019063000
Event: 58.614 loading class java/util/WeakHashMap$KeyIterator
Event: 58.614 Thread 0x0000000018f8c800 Thread exited: 0x0000000018f8c800
Event: 58.614 loading class java/util/WeakHashMap$HashIterator
Event: 58.614 loading class java/util/WeakHashMap$HashIterator done
Event: 58.614 loading class java/util/WeakHashMap$KeyIterator done
Event: 58.614 Thread 0x0000000018f8b800 Thread exited: 0x0000000018f8b800
Event: 58.647 Thread 0x0000000019208800 Thread exited: 0x0000000019208800
Event: 58.715 Thread 0x0000000019063000 Thread exited: 0x0000000019063000
Event: 58.715 Executing VM operation: Exit


Dynamic libraries:
0x00007ff6242a0000 - 0x00007ff6242d7000 	C:\Program Files\Java\jdk1.8.0_101\bin\java.exe
0x00007ffa3b730000 - 0x00007ffa3b901000 	C:\WINDOWS\SYSTEM32\ntdll.dll
0x00007ffa3b090000 - 0x00007ffa3b13b000 	C:\WINDOWS\System32\KERNEL32.DLL
0x00007ffa38720000 - 0x00007ffa3893d000 	C:\WINDOWS\System32\KERNELBASE.dll
0x00007ffa3a1e0000 - 0x00007ffa3a282000 	C:\WINDOWS\System32\ADVAPI32.dll
0x00007ffa3ab10000 - 0x00007ffa3abae000 	C:\WINDOWS\System32\msvcrt.dll
0x00007ffa3a2d0000 - 0x00007ffa3a329000 	C:\WINDOWS\System32\sechost.dll
0x00007ffa3a880000 - 0x00007ffa3a9a1000 	C:\WINDOWS\System32\RPCRT4.dll
0x00007ffa3a710000 - 0x00007ffa3a875000 	C:\WINDOWS\System32\USER32.dll
0x00007ffa38940000 - 0x00007ffa3895e000 	C:\WINDOWS\System32\win32u.dll
0x00007ffa3a290000 - 0x00007ffa3a2c4000 	C:\WINDOWS\System32\GDI32.dll
0x00007ffa38960000 - 0x00007ffa38ae2000 	C:\WINDOWS\System32\gdi32full.dll
0x00007ffa2faf0000 - 0x00007ffa2fd69000 	C:\WINDOWS\WinSxS\amd64_microsoft.windows.common-controls_6595b64144ccf1df_6.0.14393.0_none_2d0f50fcbdb171b8\COMCTL32.dll
0x00007ffa3adc0000 - 0x00007ffa3b087000 	C:\WINDOWS\System32\combase.dll
0x00007ffa37d20000 - 0x00007ffa37e15000 	C:\WINDOWS\System32\ucrtbase.dll
0x00007ffa37e20000 - 0x00007ffa37e8a000 	C:\WINDOWS\System32\bcryptPrimitives.dll
0x00007ffa3abb0000 - 0x00007ffa3abde000 	C:\WINDOWS\System32\IMM32.DLL
0x00007ffa37170000 - 0x00007ffa371a1000 	C:\windows\system32\nvinitx.dll
0x00007ffa37160000 - 0x00007ffa3716a000 	C:\WINDOWS\SYSTEM32\VERSION.dll
0x00000000573b0000 - 0x0000000057482000 	C:\Program Files\Java\jdk1.8.0_101\jre\bin\msvcr100.dll
0x0000000057490000 - 0x0000000057d2a000 	C:\Program Files\Java\jdk1.8.0_101\jre\bin\server\jvm.dll
0x00007ffa38cc0000 - 0x00007ffa38cc8000 	C:\WINDOWS\System32\PSAPI.DLL
0x00007ffa1fc90000 - 0x00007ffa1fc99000 	C:\WINDOWS\SYSTEM32\WSOCK32.dll
0x00007ffa33530000 - 0x00007ffa33553000 	C:\WINDOWS\SYSTEM32\WINMM.dll
0x00007ffa3ace0000 - 0x00007ffa3ad4a000 	C:\WINDOWS\System32\WS2_32.dll
0x0000000000f90000 - 0x0000000000fbb000 	C:\WINDOWS\SYSTEM32\WINMMBASE.dll
0x00007ffa386d0000 - 0x00007ffa38712000 	C:\WINDOWS\System32\cfgmgr32.dll
0x0000000059100000 - 0x000000005910f000 	C:\Program Files\Java\jdk1.8.0_101\jre\bin\verify.dll
0x00000000590d0000 - 0x00000000590f9000 	C:\Program Files\Java\jdk1.8.0_101\jre\bin\java.dll
0x00000000590b0000 - 0x00000000590c6000 	C:\Program Files\Java\jdk1.8.0_101\jre\bin\zip.dll
0x00007ffa38cd0000 - 0x00007ffa3a1d8000 	C:\WINDOWS\System32\SHELL32.dll
0x00007ffa37f40000 - 0x00007ffa3861a000 	C:\WINDOWS\System32\windows.storage.dll
0x00007ffa37c70000 - 0x00007ffa37cbc000 	C:\WINDOWS\System32\powrprof.dll
0x00007ffa3ad50000 - 0x00007ffa3ada2000 	C:\WINDOWS\System32\shlwapi.dll
0x00007ffa37c30000 - 0x00007ffa37c3f000 	C:\WINDOWS\System32\kernel.appcore.dll
0x00007ffa37e90000 - 0x00007ffa37f39000 	C:\WINDOWS\System32\shcore.dll
0x00007ffa37c50000 - 0x00007ffa37c64000 	C:\WINDOWS\System32\profapi.dll
0x00007ff9fedc0000 - 0x00007ff9ff795000 	C:\opencv\build\java\x64\opencv_java2413.dll
0x00007ffa3b140000 - 0x00007ffa3b277000 	C:\WINDOWS\System32\ole32.dll
0x00007ffa3a4b0000 - 0x00007ffa3a56c000 	C:\WINDOWS\System32\OLEAUT32.dll
0x00007ffa23160000 - 0x00007ffa23180000 	C:\WINDOWS\SYSTEM32\AVIFIL32.dll
0x00007ffa22ea0000 - 0x00007ffa22ec9000 	C:\WINDOWS\SYSTEM32\MSVFW32.dll
0x00007ffa22e80000 - 0x00007ffa22e98000 	C:\WINDOWS\SYSTEM32\AVICAP32.dll
0x00007ffa20450000 - 0x00007ffa2046c000 	C:\WINDOWS\SYSTEM32\MSACM32.dll
0x00000000571d0000 - 0x0000000057368000 	C:\Program Files\Java\jdk1.8.0_101\jre\bin\awt.dll
0x00007ffa36190000 - 0x00007ffa3620a000 	C:\WINDOWS\SYSTEM32\apphelp.dll
0x00007ffa33470000 - 0x00007ffa33496000 	C:\WINDOWS\system32\DWMAPI.DLL
0x00007ffa36370000 - 0x00007ffa36405000 	C:\WINDOWS\system32\uxtheme.dll
0x00007ffa3a9b0000 - 0x00007ffa3ab0b000 	C:\WINDOWS\System32\MSCTF.dll
0x0000000057180000 - 0x00000000571c7000 	C:\Program Files\Java\jdk1.8.0_101\jre\bin\fontmanager.dll
0x00007ffa3a330000 - 0x00007ffa3a3cf000 	C:\WINDOWS\System32\clbcatq.dll
0x00007ffa22e30000 - 0x00007ffa22e48000 	C:\Windows\System32\devenum.dll
0x00007ffa3b300000 - 0x00007ffa3b729000 	C:\WINDOWS\System32\setupapi.dll
0x00007ffa36ff0000 - 0x00007ffa37022000 	C:\WINDOWS\SYSTEM32\ntmarta.dll
0x00007ffa36870000 - 0x00007ffa36898000 	C:\WINDOWS\SYSTEM32\DEVOBJ.dll
0x00007ffa37cc0000 - 0x00007ffa37d15000 	C:\WINDOWS\System32\WINTRUST.dll
0x00007ffa37c40000 - 0x00007ffa37c50000 	C:\WINDOWS\System32\MSASN1.dll
0x00007ffa38af0000 - 0x00007ffa38cb8000 	C:\WINDOWS\System32\CRYPT32.dll
0x00007ffa33b50000 - 0x00007ffa33b5a000 	C:\WINDOWS\SYSTEM32\msdmo.dll
0x00007ffa20490000 - 0x00007ffa204c3000 	C:\Windows\System32\qcap.dll
0x00007ffa091e0000 - 0x00007ffa093a3000 	C:\Windows\System32\quartz.dll
0x00007ffa37810000 - 0x00007ffa3783b000 	C:\Windows\System32\bcrypt.dll
0x00007ffa1efe0000 - 0x00007ffa1f028000 	C:\Windows\System32\mfksproxy.dll
0x00007ffa342f0000 - 0x00007ffa3430c000 	C:\Windows\System32\ATL.DLL
0x00007ffa347f0000 - 0x00007ffa34958000 	C:\Windows\System32\MFPlat.DLL
0x00007ffa34740000 - 0x00007ffa3476e000 	C:\Windows\System32\RTWorkQ.DLL
0x00007ffa05e80000 - 0x00007ffa0626b000 	C:\Windows\System32\MFCORE.dll
0x00007ffa2ac20000 - 0x00007ffa2ac29000 	C:\Windows\System32\ksuser.dll
0x00007ffa37700000 - 0x00007ffa3770b000 	C:\Windows\System32\CRYPTBASE.DLL
0x0000000057390000 - 0x00000000573aa000 	C:\Program Files\Java\jdk1.8.0_101\jre\bin\net.dll
0x00007ffa37560000 - 0x00007ffa375bc000 	C:\WINDOWS\system32\mswsock.dll
0x00007ffa1eec0000 - 0x00007ffa1ef13000 	C:\Windows\System32\FSClient.dll
0x00007ffa24070000 - 0x00007ffa240bd000 	C:\Windows\System32\MFSENSORGROUP.dll
0x0000000057370000 - 0x0000000057381000 	C:\Program Files\Java\jdk1.8.0_101\jre\bin\nio.dll
0x00007ffa34560000 - 0x00007ffa3456b000 	C:\Windows\System32\AVRT.dll
0x00007ffa22d20000 - 0x00007ffa22d45000 	C:\Windows\System32\kswdmcap.ax
0x00007ffa095e0000 - 0x00007ffa09743000 	C:\Windows\System32\MFC42.dll
0x00007ffa0ad00000 - 0x00007ffa0adaf000 	C:\Windows\System32\ODBC32.dll
0x00007ffa371b0000 - 0x00007ffa371ba000 	C:\Windows\System32\DPAPI.dll
0x0000000057130000 - 0x0000000057172000 	C:\Program Files\Java\jdk1.8.0_101\jre\bin\t2k.dll
0x00007ffa334a0000 - 0x00007ffa334ad000 	C:\Windows\System32\vidcap.ax
0x00007ffa34e10000 - 0x00007ffa34e53000 	C:\WINDOWS\SYSTEM32\policymanager.dll
0x00007ffa365a0000 - 0x00007ffa36631000 	C:\Windows\System32\msvcp110_win.dll
0x00007ffa0fb10000 - 0x00007ffa0fbe4000 	C:\Windows\System32\MFReadWrite.dll
0x00007ffa12cd0000 - 0x00007ffa12d73000 	C:\Windows\System32\qedit.dll
0x00007ffa3abe0000 - 0x00007ffa3acda000 	C:\WINDOWS\System32\COMDLG32.dll
0x00007ffa33100000 - 0x00007ffa33299000 	C:\WINDOWS\WinSxS\amd64_microsoft.windows.gdiplus_6595b64144ccf1df_1.1.14393.51_none_7bd61ed3ff8affee\gdiplus.dll
0x00007ffa2e940000 - 0x00007ffa2ea37000 	C:\Windows\System32\DDRAW.dll
0x00007ffa34ce0000 - 0x00007ffa34ce8000 	C:\Windows\System32\DCIMAN32.dll
0x00007ffa33b40000 - 0x00007ffa33b4c000 	C:\WINDOWS\SYSTEM32\msyuv.dll
0x00007ffa37710000 - 0x00007ffa37727000 	C:\WINDOWS\SYSTEM32\CRYPTSP.dll
0x00007ffa37120000 - 0x00007ffa37153000 	C:\WINDOWS\system32\rsaenh.dll
0x00007ffa373e0000 - 0x00007ffa373ff000 	C:\WINDOWS\SYSTEM32\USERENV.dll
0x00007ffa372f0000 - 0x00007ffa37328000 	C:\WINDOWS\SYSTEM32\IPHLPAPI.DLL
0x00007ffa3b280000 - 0x00007ffa3b288000 	C:\WINDOWS\System32\NSI.dll
0x00007ffa30b80000 - 0x00007ffa30b96000 	C:\WINDOWS\SYSTEM32\dhcpcsvc6.DLL
0x00007ffa30b60000 - 0x00007ffa30b7a000 	C:\WINDOWS\SYSTEM32\dhcpcsvc.DLL
0x00000000570c0000 - 0x00000000570f1000 	C:\Program Files\Java\jdk1.8.0_101\jre\bin\jpeg.dll
0x00007ffa239d0000 - 0x00007ffa23b62000 	C:\WINDOWS\SYSTEM32\dbghelp.dll

VM Arguments:
jvm_args: -Dfile.encoding=UTF-8 -Djava.library.path=C:\opencv\build\java\x64 
java_command: MotionTracking
java_class_path (initial): C:\opencv\build\java\opencv-2413.jar;C:\Users\lenovo\Documents\NetBeansProjects\MotionTracking1\build\classes
Launcher Type: SUN_STANDARD

Environment Variables:
PATH=C:\ProgramData\Oracle\Java\javapath;C:\Program Files (x86)\Intel\iCLS Client\;C:\Program Files\Intel\iCLS Client\;C:\WINDOWS\system32;C:\WINDOWS;C:\WINDOWS\System32\Wbem;C:\WINDOWS\System32\WindowsPowerShell\v1.0\;C:\Program Files (x86)\Intel\OpenCL SDK\3.0\bin\x86;C:\Program Files (x86)\Intel\OpenCL SDK\3.0\bin\x64;C:\Program Files\Intel\Intel(R) Management Engine Components\DAL;C:\Program Files\Intel\Intel(R) Management Engine Components\IPT;C:\Program Files (x86)\Intel\Intel(R) Management Engine Components\DAL;C:\Program Files (x86)\Intel\Intel(R) Management Engine Components\IPT;C:\Program Files (x86)\NVIDIA Corporation\PhysX\Common;C:\Program Files (x86)\Skype\Phone\;C:\Program Files\MATLAB\R2013a\runtime\win64;C:\Program Files\MATLAB\R2013a\bin;C:\Users\lenovo\AppData\Local\Microsoft\WindowsApps;
USERNAME=lenovo
OS=Windows_NT
PROCESSOR_IDENTIFIER=Intel64 Family 6 Model 60 Stepping 3, GenuineIntel



---------------  S Y S T E M  ---------------

OS: Windows 10.0 , 64 bit Build 14393 (10.0.14393.0)

CPU:total 4 (2 cores per cpu, 2 threads per core) family 6 model 60 stepping 3, cmov, cx8, fxsr, mmx, sse, sse2, sse3, ssse3, sse4.1, sse4.2, popcnt, avx, avx2, aes, clmul, erms, lzcnt, ht, tsc, tscinvbit, bmi1, bmi2

Memory: 4k page, physical 8134936k(3038276k free), swap 9445656k(2583948k free)

vm_info: Java HotSpot(TM) 64-Bit Server VM (25.101-b13) for windows-amd64 JRE (1.8.0_101-b13), built on Jun 22 2016 01:21:29 by "java_re" with MS VC++ 10.0 (VS2010)

time: Tue Sep 13 21:02:58 2016
elapsed time: 61 seconds (0d 0h 1m 1s)

